\BOOKMARK [0][-]{chapter.1}{\376\377\000O\000d\000o\000o\000\040\000D\000e\000v\000e\000l\000o\000p\000e\000r\000\040\000T\000r\000a\000i\000n\000i\000n\000g}{}% 1
\BOOKMARK [1][-]{section.1.1}{\376\377\000O\000C\000A\000\040\000D\000a\000y\000s\000\040\000-\000\040\0002\0000\0002\0000}{chapter.1}% 2
\BOOKMARK [1][-]{section.1.2}{\376\377\000L\000u\000i\000s\000\040\000F\000e\000l\000i\000p\000e\000\040\000M\000i\000l\000\351\000o}{chapter.1}% 3
\BOOKMARK [1][-]{section.1.3}{\376\377\000A\000g\000e\000n\000d\000a}{chapter.1}% 4
\BOOKMARK [0][-]{chapter.2}{\376\377\000I\000n\000t\000r\000o\000:\000\040\000O\000d\000o\000o\000\040\000+\000\040\000O\000d\000o\000o\000\040\000C\000o\000m\000m\000u\000n\000i\000t\000y}{}% 5
\BOOKMARK [1][-]{section.2.1}{\376\377\000T\000h\000e\000\040\000O\000d\000o\000o}{chapter.2}% 6
\BOOKMARK [1][-]{section.2.2}{\376\377\000T\000h\000e\000\040\000O\000d\000o\000o\000\040\000C\000o\000m\000m\000u\000n\000i\000t\000y\000\040\000A\000s\000s\000o\000c\000i\000a\000t\000i\000o\000n}{chapter.2}% 7
\BOOKMARK [1][-]{section.2.3}{\376\377\000O\000d\000o\000o\000\040\000+\000\040\000O\000C\000A\000:}{chapter.2}% 8
\BOOKMARK [0][-]{chapter.3}{\376\377\000D\000o\000c\000k\000e\000r\000\040\000e\000n\000v\000i\000r\000o\000n\000m\000e\000n\000t}{}% 9
\BOOKMARK [1][-]{section.3.1}{\376\377\000D\000o\000c\000k\000e\000r\000\040\000e\000n\000v\000i\000r\000o\000n\000m\000e\000n\000t}{chapter.3}% 10
\BOOKMARK [1][-]{section.3.2}{\376\377\000B\000e\000f\000o\000r\000e\000\040\000s\000t\000a\000r\000t}{chapter.3}% 11
\BOOKMARK [1][-]{section.3.3}{\376\377\000S\000e\000t\000u\000p\000\040\000O\000d\000o\000o\000\040\000E\000n\000v\000i\000r\000o\000n\000m\000e\000n\000t}{chapter.3}% 12
\BOOKMARK [1][-]{section.3.4}{\376\377\000R\000u\000n\000n\000i\000n\000g\000\040\000O\000d\000o\000o}{chapter.3}% 13
\BOOKMARK [1][-]{section.3.5}{\376\377\000A\000d\000d\000i\000n\000g\000\040\000O\000C\000A\000\040\000p\000r\000o\000j\000e\000c\000t\000s\000\040\000/\000\040\000m\000o\000d\000u\000l\000e\000s}{chapter.3}% 14
\BOOKMARK [0][-]{chapter.4}{\376\377\000C\000o\000d\000i\000n\000g\000\040\000o\000u\000r\000\040\000f\000i\000r\000s\000t\000\040\000m\000o\000d\000u\000l\000e}{}% 15
\BOOKMARK [1][-]{section.4.1}{\376\377\000C\000o\000d\000i\000n\000g\000\040\000o\000u\000r\000\040\000f\000i\000r\000s\000t\000\040\000m\000o\000d\000u\000l\000e}{chapter.4}% 16
\BOOKMARK [1][-]{section.4.2}{\376\377\000A\000d\000d\000i\000n\000g\000\040\000f\000i\000e\000l\000d\000s\000\040\000t\000o\000\040\000o\000u\000r\000\040\000m\000o\000d\000e\000l}{chapter.4}% 17
\BOOKMARK [1][-]{section.4.3}{\376\377\000A\000d\000d\000\040\000a\000\040\000K\000a\000n\000b\000a\000n\000\040\000/\000\040\000W\000o\000r\000k\000f\000l\000o\000w}{chapter.4}% 18
\BOOKMARK [1][-]{section.4.4}{\376\377\000A\000d\000d\000\040\000E\000m\000a\000i\000l\000\040\000f\000e\000a\000t\000u\000r\000e\000s}{chapter.4}% 19
\BOOKMARK [1][-]{section.4.5}{\376\377\000S\000e\000n\000d\000i\000n\000g\000\040\000S\000M\000S}{chapter.4}% 20
\BOOKMARK [1][-]{section.4.6}{\376\377\000C\000r\000e\000a\000t\000i\000n\000g\000\040\000a\000\040\000m\000o\000d\000u\000l\000e\000\040\000t\000o\000\040\000b\000e\000\040\000s\000e\000n\000t\000\040\000t\000o\000\040\000O\000C\000A}{chapter.4}% 21
\BOOKMARK [1][-]{section.4.7}{\376\377\000I\000n\000t\000e\000g\000r\000a\000t\000e\000\040\000C\000u\000s\000t\000o\000m\000e\000r\000\040\000S\000e\000r\000v\000i\000c\000e\000\040\000w\000i\000t\000h\000\040\000S\000M\000S}{chapter.4}% 22
\BOOKMARK [1][-]{section.4.8}{\376\377\000S\000e\000d\000i\000n\000g\000\040\000y\000o\000u\000r\000\040\000m\000o\000d\000u\000l\000e\000\040\000t\000o\000\040\000t\000h\000e\000\040\000O\000C\000A}{chapter.4}% 23
\BOOKMARK [1][-]{section.4.9}{\376\377\000R\000e\000v\000i\000e\000w}{chapter.4}% 24
\BOOKMARK [0][-]{chapter.5}{\376\377\000Q\000u\000e\000s\000t\000i\000o\000n\000s\000\040\000a\000n\000d\000\040\000a\000n\000s\000w\000e\000r\000s}{}% 25
\BOOKMARK [1][-]{section.5.1}{\376\377\000T\000h\000a\000n\000k\000\040\000y\000o\000u\000\040\000t\000o\000\040\000t\000h\000e\000\040\000O\000C\000A\000\040\000S\000p\000o\000n\000s\000o\000r\000s}{chapter.5}% 26
\BOOKMARK [0][-]{chapter.6}{\376\377\000I\000n\000d\000i\000c\000e\000s\000\040\000a\000n\000d\000\040\000t\000a\000b\000l\000e\000s}{}% 27
